<?xml version="1.0" encoding="UTF-8"?>
<testsuite name="com.pragma.powerup.restaurantTests.RestaurantUseCaseTests" tests="5" skipped="0" failures="0" errors="0" timestamp="2023-07-31T17:24:06" hostname="DESKTOP-PT9NJJ4" time="0.058">
  <properties/>
  <testcase name="saveRestaurantWithNoNumericPhoneNumber()" classname="com.pragma.powerup.restaurantTests.RestaurantUseCaseTests" time="0.005"/>
  <testcase name="saveRestaurantWithOnlyNumericName()" classname="com.pragma.powerup.restaurantTests.RestaurantUseCaseTests" time="0.005"/>
  <testcase name="saveRestaurantWithNoNumericNit()" classname="com.pragma.powerup.restaurantTests.RestaurantUseCaseTests" time="0.016"/>
  <testcase name="listRestaurants()" classname="com.pragma.powerup.restaurantTests.RestaurantUseCaseTests" time="0.011"/>
  <testcase name="saveRestaurant()" classname="com.pragma.powerup.restaurantTests.RestaurantUseCaseTests" time="0.008"/>
  <system-out><![CDATA[2023-07-31 12:24:06.458  INFO 3620 --- [    Test worker] o.s.t.c.s.DefaultTestContextBootstrapper : Neither @ContextConfiguration nor @ContextHierarchy found for test class [com.pragma.powerup.restaurantTests.RestaurantUseCaseTests], using DelegatingSmartContextLoader
2023-07-31 12:24:06.459  INFO 3620 --- [    Test worker] o.s.t.c.support.AbstractContextLoader    : Could not detect default resource locations for test class [com.pragma.powerup.restaurantTests.RestaurantUseCaseTests]: no resource found for suffixes {-context.xml}.
2023-07-31 12:24:06.460  INFO 3620 --- [    Test worker] t.c.s.AnnotationConfigContextLoaderUtils : Could not detect default configuration classes for test class [com.pragma.powerup.restaurantTests.RestaurantUseCaseTests]: RestaurantUseCaseTests does not declare any static, non-private, non-final, nested classes annotated with @Configuration.
2023-07-31 12:24:06.461  INFO 3620 --- [    Test worker] o.s.t.c.s.DefaultTestContextBootstrapper : Loaded default TestExecutionListener class names from location [META-INF/spring.factories]: [org.springframework.boot.test.autoconfigure.restdocs.RestDocsTestExecutionListener, org.springframework.boot.test.autoconfigure.web.client.MockRestServiceServerResetTestExecutionListener, org.springframework.boot.test.autoconfigure.web.servlet.MockMvcPrintOnlyOnFailureTestExecutionListener, org.springframework.boot.test.autoconfigure.web.servlet.WebDriverTestExecutionListener, org.springframework.boot.test.autoconfigure.webservices.client.MockWebServiceServerTestExecutionListener, org.springframework.boot.test.mock.mockito.MockitoTestExecutionListener, org.springframework.boot.test.mock.mockito.ResetMocksTestExecutionListener, org.springframework.test.context.web.ServletTestExecutionListener, org.springframework.test.context.support.DirtiesContextBeforeModesTestExecutionListener, org.springframework.test.context.event.ApplicationEventsTestExecutionListener, org.springframework.test.context.support.DependencyInjectionTestExecutionListener, org.springframework.test.context.support.DirtiesContextTestExecutionListener, org.springframework.test.context.transaction.TransactionalTestExecutionListener, org.springframework.test.context.jdbc.SqlScriptsTestExecutionListener, org.springframework.test.context.event.EventPublishingTestExecutionListener]
2023-07-31 12:24:06.462  INFO 3620 --- [    Test worker] o.s.t.c.s.DefaultTestContextBootstrapper : Using TestExecutionListeners: [org.springframework.test.context.web.ServletTestExecutionListener@48351e32, org.springframework.test.context.support.DirtiesContextBeforeModesTestExecutionListener@5289589a, org.springframework.test.context.event.ApplicationEventsTestExecutionListener@5494c745, org.springframework.boot.test.mock.mockito.MockitoTestExecutionListener@230cacdb, org.springframework.test.context.support.DependencyInjectionTestExecutionListener@43a8f206, org.springframework.test.context.support.DirtiesContextTestExecutionListener@5b7d2f61, org.springframework.test.context.transaction.TransactionalTestExecutionListener@292165a4, org.springframework.test.context.jdbc.SqlScriptsTestExecutionListener@6f8d6e2f, org.springframework.test.context.event.EventPublishingTestExecutionListener@6b31991a, org.springframework.boot.test.autoconfigure.restdocs.RestDocsTestExecutionListener@5985a53a, org.springframework.boot.test.autoconfigure.web.client.MockRestServiceServerResetTestExecutionListener@7b2be7eb, org.springframework.boot.test.autoconfigure.web.servlet.MockMvcPrintOnlyOnFailureTestExecutionListener@7fd312b7, org.springframework.boot.test.autoconfigure.web.servlet.WebDriverTestExecutionListener@184dbd1e, org.springframework.boot.test.autoconfigure.webservices.client.MockWebServiceServerTestExecutionListener@6c957758, org.springframework.boot.test.mock.mockito.ResetMocksTestExecutionListener@4825c19e]
]]></system-out>
  <system-err><![CDATA[]]></system-err>
</testsuite>
