<?xml version="1.0" encoding="UTF-8"?>
<testsuite name="com.pragma.powerup.restaurantTests.RestaurantHandlerTests" tests="3" skipped="0" failures="0" errors="0" timestamp="2023-07-31T17:24:06" hostname="DESKTOP-PT9NJJ4" time="0.061">
  <properties/>
  <testcase name="saveRestaurantWithNoOwnerRole()" classname="com.pragma.powerup.restaurantTests.RestaurantHandlerTests" time="0.036"/>
  <testcase name="listRestaurants()" classname="com.pragma.powerup.restaurantTests.RestaurantHandlerTests" time="0.011"/>
  <testcase name="saveRestaurant()" classname="com.pragma.powerup.restaurantTests.RestaurantHandlerTests" time="0.008"/>
  <system-out><![CDATA[2023-07-31 12:24:06.121  INFO 3620 --- [    Test worker] o.s.t.c.s.DefaultTestContextBootstrapper : Neither @ContextConfiguration nor @ContextHierarchy found for test class [com.pragma.powerup.restaurantTests.RestaurantHandlerTests], using DelegatingSmartContextLoader
2023-07-31 12:24:06.122  INFO 3620 --- [    Test worker] o.s.t.c.support.AbstractContextLoader    : Could not detect default resource locations for test class [com.pragma.powerup.restaurantTests.RestaurantHandlerTests]: no resource found for suffixes {-context.xml}.
2023-07-31 12:24:06.122  INFO 3620 --- [    Test worker] t.c.s.AnnotationConfigContextLoaderUtils : Could not detect default configuration classes for test class [com.pragma.powerup.restaurantTests.RestaurantHandlerTests]: RestaurantHandlerTests does not declare any static, non-private, non-final, nested classes annotated with @Configuration.
2023-07-31 12:24:06.124  INFO 3620 --- [    Test worker] o.s.t.c.s.DefaultTestContextBootstrapper : Loaded default TestExecutionListener class names from location [META-INF/spring.factories]: [org.springframework.boot.test.autoconfigure.restdocs.RestDocsTestExecutionListener, org.springframework.boot.test.autoconfigure.web.client.MockRestServiceServerResetTestExecutionListener, org.springframework.boot.test.autoconfigure.web.servlet.MockMvcPrintOnlyOnFailureTestExecutionListener, org.springframework.boot.test.autoconfigure.web.servlet.WebDriverTestExecutionListener, org.springframework.boot.test.autoconfigure.webservices.client.MockWebServiceServerTestExecutionListener, org.springframework.boot.test.mock.mockito.MockitoTestExecutionListener, org.springframework.boot.test.mock.mockito.ResetMocksTestExecutionListener, org.springframework.test.context.web.ServletTestExecutionListener, org.springframework.test.context.support.DirtiesContextBeforeModesTestExecutionListener, org.springframework.test.context.event.ApplicationEventsTestExecutionListener, org.springframework.test.context.support.DependencyInjectionTestExecutionListener, org.springframework.test.context.support.DirtiesContextTestExecutionListener, org.springframework.test.context.transaction.TransactionalTestExecutionListener, org.springframework.test.context.jdbc.SqlScriptsTestExecutionListener, org.springframework.test.context.event.EventPublishingTestExecutionListener]
2023-07-31 12:24:06.125  INFO 3620 --- [    Test worker] o.s.t.c.s.DefaultTestContextBootstrapper : Using TestExecutionListeners: [org.springframework.test.context.web.ServletTestExecutionListener@52d121eb, org.springframework.test.context.support.DirtiesContextBeforeModesTestExecutionListener@5cc2aa0d, org.springframework.test.context.event.ApplicationEventsTestExecutionListener@7781f778, org.springframework.boot.test.mock.mockito.MockitoTestExecutionListener@219ae951, org.springframework.test.context.support.DependencyInjectionTestExecutionListener@7a9f4af0, org.springframework.test.context.support.DirtiesContextTestExecutionListener@3344056c, org.springframework.test.context.transaction.TransactionalTestExecutionListener@4b861e4b, org.springframework.test.context.jdbc.SqlScriptsTestExecutionListener@3da0a60b, org.springframework.test.context.event.EventPublishingTestExecutionListener@3d68b385, org.springframework.boot.test.autoconfigure.restdocs.RestDocsTestExecutionListener@2e94ae21, org.springframework.boot.test.autoconfigure.web.client.MockRestServiceServerResetTestExecutionListener@559b99fe, org.springframework.boot.test.autoconfigure.web.servlet.MockMvcPrintOnlyOnFailureTestExecutionListener@6db3fdb8, org.springframework.boot.test.autoconfigure.web.servlet.WebDriverTestExecutionListener@15bf8f10, org.springframework.boot.test.autoconfigure.webservices.client.MockWebServiceServerTestExecutionListener@1ed1ce20, org.springframework.boot.test.mock.mockito.ResetMocksTestExecutionListener@170ce06d]
]]></system-out>
  <system-err><![CDATA[]]></system-err>
</testsuite>
