<?xml version="1.0" encoding="UTF-8"?>
<testsuite name="com.pragma.powerup.restaurantTests.RestaurantRestControllerTests" tests="3" skipped="0" failures="0" errors="0" timestamp="2023-07-31T17:24:06" hostname="DESKTOP-PT9NJJ4" time="0.029">
  <properties/>
  <testcase name="listRestaurants()" classname="com.pragma.powerup.restaurantTests.RestaurantRestControllerTests" time="0.012"/>
  <testcase name="getAllRestaurants()" classname="com.pragma.powerup.restaurantTests.RestaurantRestControllerTests" time="0.006"/>
  <testcase name="saveRestaurant()" classname="com.pragma.powerup.restaurantTests.RestaurantRestControllerTests" time="0.006"/>
  <system-out><![CDATA[2023-07-31 12:24:06.394  INFO 3620 --- [    Test worker] o.s.t.c.s.DefaultTestContextBootstrapper : Neither @ContextConfiguration nor @ContextHierarchy found for test class [com.pragma.powerup.restaurantTests.RestaurantRestControllerTests], using DelegatingSmartContextLoader
2023-07-31 12:24:06.396  INFO 3620 --- [    Test worker] o.s.t.c.support.AbstractContextLoader    : Could not detect default resource locations for test class [com.pragma.powerup.restaurantTests.RestaurantRestControllerTests]: no resource found for suffixes {-context.xml}.
2023-07-31 12:24:06.396  INFO 3620 --- [    Test worker] t.c.s.AnnotationConfigContextLoaderUtils : Could not detect default configuration classes for test class [com.pragma.powerup.restaurantTests.RestaurantRestControllerTests]: RestaurantRestControllerTests does not declare any static, non-private, non-final, nested classes annotated with @Configuration.
2023-07-31 12:24:06.397  INFO 3620 --- [    Test worker] o.s.t.c.s.DefaultTestContextBootstrapper : Loaded default TestExecutionListener class names from location [META-INF/spring.factories]: [org.springframework.boot.test.autoconfigure.restdocs.RestDocsTestExecutionListener, org.springframework.boot.test.autoconfigure.web.client.MockRestServiceServerResetTestExecutionListener, org.springframework.boot.test.autoconfigure.web.servlet.MockMvcPrintOnlyOnFailureTestExecutionListener, org.springframework.boot.test.autoconfigure.web.servlet.WebDriverTestExecutionListener, org.springframework.boot.test.autoconfigure.webservices.client.MockWebServiceServerTestExecutionListener, org.springframework.boot.test.mock.mockito.MockitoTestExecutionListener, org.springframework.boot.test.mock.mockito.ResetMocksTestExecutionListener, org.springframework.test.context.web.ServletTestExecutionListener, org.springframework.test.context.support.DirtiesContextBeforeModesTestExecutionListener, org.springframework.test.context.event.ApplicationEventsTestExecutionListener, org.springframework.test.context.support.DependencyInjectionTestExecutionListener, org.springframework.test.context.support.DirtiesContextTestExecutionListener, org.springframework.test.context.transaction.TransactionalTestExecutionListener, org.springframework.test.context.jdbc.SqlScriptsTestExecutionListener, org.springframework.test.context.event.EventPublishingTestExecutionListener]
2023-07-31 12:24:06.398  INFO 3620 --- [    Test worker] o.s.t.c.s.DefaultTestContextBootstrapper : Using TestExecutionListeners: [org.springframework.test.context.web.ServletTestExecutionListener@3268c053, org.springframework.test.context.support.DirtiesContextBeforeModesTestExecutionListener@698f7dba, org.springframework.test.context.event.ApplicationEventsTestExecutionListener@7fd3e201, org.springframework.boot.test.mock.mockito.MockitoTestExecutionListener@2280242d, org.springframework.test.context.support.DependencyInjectionTestExecutionListener@569e1276, org.springframework.test.context.support.DirtiesContextTestExecutionListener@446ed7b2, org.springframework.test.context.transaction.TransactionalTestExecutionListener@24cde6d4, org.springframework.test.context.jdbc.SqlScriptsTestExecutionListener@74f1f2c, org.springframework.test.context.event.EventPublishingTestExecutionListener@21e4a011, org.springframework.boot.test.autoconfigure.restdocs.RestDocsTestExecutionListener@138530d8, org.springframework.boot.test.autoconfigure.web.client.MockRestServiceServerResetTestExecutionListener@58b59f3a, org.springframework.boot.test.autoconfigure.web.servlet.MockMvcPrintOnlyOnFailureTestExecutionListener@27fc5d7f, org.springframework.boot.test.autoconfigure.web.servlet.WebDriverTestExecutionListener@231c85b9, org.springframework.boot.test.autoconfigure.webservices.client.MockWebServiceServerTestExecutionListener@19a562f2, org.springframework.boot.test.mock.mockito.ResetMocksTestExecutionListener@6d1d62b3]
]]></system-out>
  <system-err><![CDATA[]]></system-err>
</testsuite>
