<?xml version="1.0" encoding="UTF-8"?>
<testsuite name="com.pragma.powerup.plateTests.CategoryUseCaseTests" tests="3" skipped="0" failures="0" errors="0" timestamp="2023-07-31T17:24:05" hostname="DESKTOP-PT9NJJ4" time="0.027">
  <properties/>
  <testcase name="getAllCategory()" classname="com.pragma.powerup.plateTests.CategoryUseCaseTests" time="0.007"/>
  <testcase name="saveCategory()" classname="com.pragma.powerup.plateTests.CategoryUseCaseTests" time="0.006"/>
  <testcase name="getCategory()" classname="com.pragma.powerup.plateTests.CategoryUseCaseTests" time="0.01"/>
  <system-out><![CDATA[2023-07-31 12:24:05.107  INFO 3620 --- [    Test worker] o.s.t.c.s.DefaultTestContextBootstrapper : Neither @ContextConfiguration nor @ContextHierarchy found for test class [com.pragma.powerup.plateTests.CategoryUseCaseTests], using DelegatingSmartContextLoader
2023-07-31 12:24:05.107  INFO 3620 --- [    Test worker] o.s.t.c.support.AbstractContextLoader    : Could not detect default resource locations for test class [com.pragma.powerup.plateTests.CategoryUseCaseTests]: no resource found for suffixes {-context.xml}.
2023-07-31 12:24:05.108  INFO 3620 --- [    Test worker] t.c.s.AnnotationConfigContextLoaderUtils : Could not detect default configuration classes for test class [com.pragma.powerup.plateTests.CategoryUseCaseTests]: CategoryUseCaseTests does not declare any static, non-private, non-final, nested classes annotated with @Configuration.
2023-07-31 12:24:05.109  INFO 3620 --- [    Test worker] o.s.t.c.s.DefaultTestContextBootstrapper : Loaded default TestExecutionListener class names from location [META-INF/spring.factories]: [org.springframework.boot.test.autoconfigure.restdocs.RestDocsTestExecutionListener, org.springframework.boot.test.autoconfigure.web.client.MockRestServiceServerResetTestExecutionListener, org.springframework.boot.test.autoconfigure.web.servlet.MockMvcPrintOnlyOnFailureTestExecutionListener, org.springframework.boot.test.autoconfigure.web.servlet.WebDriverTestExecutionListener, org.springframework.boot.test.autoconfigure.webservices.client.MockWebServiceServerTestExecutionListener, org.springframework.boot.test.mock.mockito.MockitoTestExecutionListener, org.springframework.boot.test.mock.mockito.ResetMocksTestExecutionListener, org.springframework.test.context.web.ServletTestExecutionListener, org.springframework.test.context.support.DirtiesContextBeforeModesTestExecutionListener, org.springframework.test.context.event.ApplicationEventsTestExecutionListener, org.springframework.test.context.support.DependencyInjectionTestExecutionListener, org.springframework.test.context.support.DirtiesContextTestExecutionListener, org.springframework.test.context.transaction.TransactionalTestExecutionListener, org.springframework.test.context.jdbc.SqlScriptsTestExecutionListener, org.springframework.test.context.event.EventPublishingTestExecutionListener]
2023-07-31 12:24:05.109  INFO 3620 --- [    Test worker] o.s.t.c.s.DefaultTestContextBootstrapper : Using TestExecutionListeners: [org.springframework.test.context.web.ServletTestExecutionListener@6b7a29a6, org.springframework.test.context.support.DirtiesContextBeforeModesTestExecutionListener@4b5af14f, org.springframework.test.context.event.ApplicationEventsTestExecutionListener@1488fbdf, org.springframework.boot.test.mock.mockito.MockitoTestExecutionListener@1d566f8, org.springframework.test.context.support.DependencyInjectionTestExecutionListener@3b58487d, org.springframework.test.context.support.DirtiesContextTestExecutionListener@279406d0, org.springframework.test.context.transaction.TransactionalTestExecutionListener@749147fe, org.springframework.test.context.jdbc.SqlScriptsTestExecutionListener@5ed91d32, org.springframework.test.context.event.EventPublishingTestExecutionListener@27bbad34, org.springframework.boot.test.autoconfigure.restdocs.RestDocsTestExecutionListener@201e8d95, org.springframework.boot.test.autoconfigure.web.client.MockRestServiceServerResetTestExecutionListener@5ece90df, org.springframework.boot.test.autoconfigure.web.servlet.MockMvcPrintOnlyOnFailureTestExecutionListener@486826b9, org.springframework.boot.test.autoconfigure.web.servlet.WebDriverTestExecutionListener@3240e08d, org.springframework.boot.test.autoconfigure.webservices.client.MockWebServiceServerTestExecutionListener@66e6b175, org.springframework.boot.test.mock.mockito.ResetMocksTestExecutionListener@4c848d1e]
]]></system-out>
  <system-err><![CDATA[]]></system-err>
</testsuite>
