<?xml version="1.0" encoding="UTF-8"?>
<testsuite name="com.pragma.powerup.plateTests.PlateUseCaseTests" tests="3" skipped="0" failures="0" errors="0" timestamp="2023-07-31T17:24:06" hostname="DESKTOP-PT9NJJ4" time="0.032">
  <properties/>
  <testcase name="updatePlate()" classname="com.pragma.powerup.plateTests.PlateUseCaseTests" time="0.012"/>
  <testcase name="savePlate()" classname="com.pragma.powerup.plateTests.PlateUseCaseTests" time="0.008"/>
  <testcase name="listPlates()" classname="com.pragma.powerup.plateTests.PlateUseCaseTests" time="0.007"/>
  <system-out><![CDATA[2023-07-31 12:24:05.973  INFO 3620 --- [    Test worker] o.s.t.c.s.DefaultTestContextBootstrapper : Neither @ContextConfiguration nor @ContextHierarchy found for test class [com.pragma.powerup.plateTests.PlateUseCaseTests], using DelegatingSmartContextLoader
2023-07-31 12:24:05.974  INFO 3620 --- [    Test worker] o.s.t.c.support.AbstractContextLoader    : Could not detect default resource locations for test class [com.pragma.powerup.plateTests.PlateUseCaseTests]: no resource found for suffixes {-context.xml}.
2023-07-31 12:24:05.975  INFO 3620 --- [    Test worker] t.c.s.AnnotationConfigContextLoaderUtils : Could not detect default configuration classes for test class [com.pragma.powerup.plateTests.PlateUseCaseTests]: PlateUseCaseTests does not declare any static, non-private, non-final, nested classes annotated with @Configuration.
2023-07-31 12:24:05.977  INFO 3620 --- [    Test worker] o.s.t.c.s.DefaultTestContextBootstrapper : Loaded default TestExecutionListener class names from location [META-INF/spring.factories]: [org.springframework.boot.test.autoconfigure.restdocs.RestDocsTestExecutionListener, org.springframework.boot.test.autoconfigure.web.client.MockRestServiceServerResetTestExecutionListener, org.springframework.boot.test.autoconfigure.web.servlet.MockMvcPrintOnlyOnFailureTestExecutionListener, org.springframework.boot.test.autoconfigure.web.servlet.WebDriverTestExecutionListener, org.springframework.boot.test.autoconfigure.webservices.client.MockWebServiceServerTestExecutionListener, org.springframework.boot.test.mock.mockito.MockitoTestExecutionListener, org.springframework.boot.test.mock.mockito.ResetMocksTestExecutionListener, org.springframework.test.context.web.ServletTestExecutionListener, org.springframework.test.context.support.DirtiesContextBeforeModesTestExecutionListener, org.springframework.test.context.event.ApplicationEventsTestExecutionListener, org.springframework.test.context.support.DependencyInjectionTestExecutionListener, org.springframework.test.context.support.DirtiesContextTestExecutionListener, org.springframework.test.context.transaction.TransactionalTestExecutionListener, org.springframework.test.context.jdbc.SqlScriptsTestExecutionListener, org.springframework.test.context.event.EventPublishingTestExecutionListener]
2023-07-31 12:24:05.978  INFO 3620 --- [    Test worker] o.s.t.c.s.DefaultTestContextBootstrapper : Using TestExecutionListeners: [org.springframework.test.context.web.ServletTestExecutionListener@725ad0aa, org.springframework.test.context.support.DirtiesContextBeforeModesTestExecutionListener@1273a630, org.springframework.test.context.event.ApplicationEventsTestExecutionListener@32a9f67b, org.springframework.boot.test.mock.mockito.MockitoTestExecutionListener@65787ec2, org.springframework.test.context.support.DependencyInjectionTestExecutionListener@41033d47, org.springframework.test.context.support.DirtiesContextTestExecutionListener@4e4e5171, org.springframework.test.context.transaction.TransactionalTestExecutionListener@33a96ced, org.springframework.test.context.jdbc.SqlScriptsTestExecutionListener@15019a34, org.springframework.test.context.event.EventPublishingTestExecutionListener@4db064d6, org.springframework.boot.test.autoconfigure.restdocs.RestDocsTestExecutionListener@714961c8, org.springframework.boot.test.autoconfigure.web.client.MockRestServiceServerResetTestExecutionListener@97fb508, org.springframework.boot.test.autoconfigure.web.servlet.MockMvcPrintOnlyOnFailureTestExecutionListener@10365e29, org.springframework.boot.test.autoconfigure.web.servlet.WebDriverTestExecutionListener@5eee0e2d, org.springframework.boot.test.autoconfigure.webservices.client.MockWebServiceServerTestExecutionListener@64137319, org.springframework.boot.test.mock.mockito.ResetMocksTestExecutionListener@10305d66]
]]></system-out>
  <system-err><![CDATA[]]></system-err>
</testsuite>
