<?xml version="1.0" encoding="UTF-8"?>
<testsuite name="com.pragma.powerup.plateTests.PlateJpaAdapterTests" tests="6" skipped="0" failures="0" errors="0" timestamp="2023-07-31T17:24:05" hostname="DESKTOP-PT9NJJ4" time="0.095">
  <properties/>
  <testcase name="updatePlate()" classname="com.pragma.powerup.plateTests.PlateJpaAdapterTests" time="0.01"/>
  <testcase name="saveNoRestaurantAssociatedPlate()" classname="com.pragma.powerup.plateTests.PlateJpaAdapterTests" time="0.009"/>
  <testcase name="savePlate()" classname="com.pragma.powerup.plateTests.PlateJpaAdapterTests" time="0.012"/>
  <testcase name="listPlates()" classname="com.pragma.powerup.plateTests.PlateJpaAdapterTests" time="0.012"/>
  <testcase name="saveExistingPlate()" classname="com.pragma.powerup.plateTests.PlateJpaAdapterTests" time="0.019"/>
  <testcase name="returningEmptyPage()" classname="com.pragma.powerup.plateTests.PlateJpaAdapterTests" time="0.009"/>
  <system-out><![CDATA[2023-07-31 12:24:05.398  INFO 3620 --- [    Test worker] o.s.t.c.s.DefaultTestContextBootstrapper : Neither @ContextConfiguration nor @ContextHierarchy found for test class [com.pragma.powerup.plateTests.PlateJpaAdapterTests], using DelegatingSmartContextLoader
2023-07-31 12:24:05.399  INFO 3620 --- [    Test worker] o.s.t.c.support.AbstractContextLoader    : Could not detect default resource locations for test class [com.pragma.powerup.plateTests.PlateJpaAdapterTests]: no resource found for suffixes {-context.xml}.
2023-07-31 12:24:05.400  INFO 3620 --- [    Test worker] t.c.s.AnnotationConfigContextLoaderUtils : Could not detect default configuration classes for test class [com.pragma.powerup.plateTests.PlateJpaAdapterTests]: PlateJpaAdapterTests does not declare any static, non-private, non-final, nested classes annotated with @Configuration.
2023-07-31 12:24:05.401  INFO 3620 --- [    Test worker] o.s.t.c.s.DefaultTestContextBootstrapper : Loaded default TestExecutionListener class names from location [META-INF/spring.factories]: [org.springframework.boot.test.autoconfigure.restdocs.RestDocsTestExecutionListener, org.springframework.boot.test.autoconfigure.web.client.MockRestServiceServerResetTestExecutionListener, org.springframework.boot.test.autoconfigure.web.servlet.MockMvcPrintOnlyOnFailureTestExecutionListener, org.springframework.boot.test.autoconfigure.web.servlet.WebDriverTestExecutionListener, org.springframework.boot.test.autoconfigure.webservices.client.MockWebServiceServerTestExecutionListener, org.springframework.boot.test.mock.mockito.MockitoTestExecutionListener, org.springframework.boot.test.mock.mockito.ResetMocksTestExecutionListener, org.springframework.test.context.web.ServletTestExecutionListener, org.springframework.test.context.support.DirtiesContextBeforeModesTestExecutionListener, org.springframework.test.context.event.ApplicationEventsTestExecutionListener, org.springframework.test.context.support.DependencyInjectionTestExecutionListener, org.springframework.test.context.support.DirtiesContextTestExecutionListener, org.springframework.test.context.transaction.TransactionalTestExecutionListener, org.springframework.test.context.jdbc.SqlScriptsTestExecutionListener, org.springframework.test.context.event.EventPublishingTestExecutionListener]
2023-07-31 12:24:05.406  INFO 3620 --- [    Test worker] o.s.t.c.s.DefaultTestContextBootstrapper : Using TestExecutionListeners: [org.springframework.test.context.web.ServletTestExecutionListener@3f59efe0, org.springframework.test.context.support.DirtiesContextBeforeModesTestExecutionListener@1031db9c, org.springframework.test.context.event.ApplicationEventsTestExecutionListener@6434c3d2, org.springframework.boot.test.mock.mockito.MockitoTestExecutionListener@a021dd5, org.springframework.test.context.support.DependencyInjectionTestExecutionListener@7ad4c59a, org.springframework.test.context.support.DirtiesContextTestExecutionListener@64271c67, org.springframework.test.context.transaction.TransactionalTestExecutionListener@26cf6962, org.springframework.test.context.jdbc.SqlScriptsTestExecutionListener@3cb924db, org.springframework.test.context.event.EventPublishingTestExecutionListener@609dcec3, org.springframework.boot.test.autoconfigure.restdocs.RestDocsTestExecutionListener@3c053293, org.springframework.boot.test.autoconfigure.web.client.MockRestServiceServerResetTestExecutionListener@615cd808, org.springframework.boot.test.autoconfigure.web.servlet.MockMvcPrintOnlyOnFailureTestExecutionListener@1436b704, org.springframework.boot.test.autoconfigure.web.servlet.WebDriverTestExecutionListener@1ad39897, org.springframework.boot.test.autoconfigure.webservices.client.MockWebServiceServerTestExecutionListener@fd7b0f4, org.springframework.boot.test.mock.mockito.ResetMocksTestExecutionListener@8ccb59e]
]]></system-out>
  <system-err><![CDATA[]]></system-err>
</testsuite>
