<?xml version="1.0" encoding="UTF-8"?>
<testsuite name="com.pragma.powerup.orderTests.OrderPlateJpaAdapterTests" tests="4" skipped="0" failures="0" errors="0" timestamp="2023-07-31T17:24:04" hostname="DESKTOP-PT9NJJ4" time="0.04">
  <properties/>
  <testcase name="saveOrderPlate()" classname="com.pragma.powerup.orderTests.OrderPlateJpaAdapterTests" time="0.006"/>
  <testcase name="saveWithNoPlateRestaurantAssociation()" classname="com.pragma.powerup.orderTests.OrderPlateJpaAdapterTests" time="0.006"/>
  <testcase name="findAllByOrderId()" classname="com.pragma.powerup.orderTests.OrderPlateJpaAdapterTests" time="0.01"/>
  <testcase name="saveWithNoExistingPlate()" classname="com.pragma.powerup.orderTests.OrderPlateJpaAdapterTests" time="0.009"/>
  <system-out><![CDATA[2023-07-31 12:24:04.130  INFO 3620 --- [    Test worker] o.s.t.c.s.DefaultTestContextBootstrapper : Neither @ContextConfiguration nor @ContextHierarchy found for test class [com.pragma.powerup.orderTests.OrderPlateJpaAdapterTests], using DelegatingSmartContextLoader
2023-07-31 12:24:04.131  INFO 3620 --- [    Test worker] o.s.t.c.support.AbstractContextLoader    : Could not detect default resource locations for test class [com.pragma.powerup.orderTests.OrderPlateJpaAdapterTests]: no resource found for suffixes {-context.xml}.
2023-07-31 12:24:04.132  INFO 3620 --- [    Test worker] t.c.s.AnnotationConfigContextLoaderUtils : Could not detect default configuration classes for test class [com.pragma.powerup.orderTests.OrderPlateJpaAdapterTests]: OrderPlateJpaAdapterTests does not declare any static, non-private, non-final, nested classes annotated with @Configuration.
2023-07-31 12:24:04.133  INFO 3620 --- [    Test worker] o.s.t.c.s.DefaultTestContextBootstrapper : Loaded default TestExecutionListener class names from location [META-INF/spring.factories]: [org.springframework.boot.test.autoconfigure.restdocs.RestDocsTestExecutionListener, org.springframework.boot.test.autoconfigure.web.client.MockRestServiceServerResetTestExecutionListener, org.springframework.boot.test.autoconfigure.web.servlet.MockMvcPrintOnlyOnFailureTestExecutionListener, org.springframework.boot.test.autoconfigure.web.servlet.WebDriverTestExecutionListener, org.springframework.boot.test.autoconfigure.webservices.client.MockWebServiceServerTestExecutionListener, org.springframework.boot.test.mock.mockito.MockitoTestExecutionListener, org.springframework.boot.test.mock.mockito.ResetMocksTestExecutionListener, org.springframework.test.context.web.ServletTestExecutionListener, org.springframework.test.context.support.DirtiesContextBeforeModesTestExecutionListener, org.springframework.test.context.event.ApplicationEventsTestExecutionListener, org.springframework.test.context.support.DependencyInjectionTestExecutionListener, org.springframework.test.context.support.DirtiesContextTestExecutionListener, org.springframework.test.context.transaction.TransactionalTestExecutionListener, org.springframework.test.context.jdbc.SqlScriptsTestExecutionListener, org.springframework.test.context.event.EventPublishingTestExecutionListener]
2023-07-31 12:24:04.134  INFO 3620 --- [    Test worker] o.s.t.c.s.DefaultTestContextBootstrapper : Using TestExecutionListeners: [org.springframework.test.context.web.ServletTestExecutionListener@4aad51fd, org.springframework.test.context.support.DirtiesContextBeforeModesTestExecutionListener@13e37906, org.springframework.test.context.event.ApplicationEventsTestExecutionListener@207d3866, org.springframework.boot.test.mock.mockito.MockitoTestExecutionListener@67ba1123, org.springframework.test.context.support.DependencyInjectionTestExecutionListener@47389690, org.springframework.test.context.support.DirtiesContextTestExecutionListener@4f9bfc38, org.springframework.test.context.transaction.TransactionalTestExecutionListener@6ec53a5, org.springframework.test.context.jdbc.SqlScriptsTestExecutionListener@31e86952, org.springframework.test.context.event.EventPublishingTestExecutionListener@32e7f5e9, org.springframework.boot.test.autoconfigure.restdocs.RestDocsTestExecutionListener@228da5b1, org.springframework.boot.test.autoconfigure.web.client.MockRestServiceServerResetTestExecutionListener@4698bb3e, org.springframework.boot.test.autoconfigure.web.servlet.MockMvcPrintOnlyOnFailureTestExecutionListener@3448f846, org.springframework.boot.test.autoconfigure.web.servlet.WebDriverTestExecutionListener@398d1b9b, org.springframework.boot.test.autoconfigure.webservices.client.MockWebServiceServerTestExecutionListener@76e29136, org.springframework.boot.test.mock.mockito.ResetMocksTestExecutionListener@75a0859f]
]]></system-out>
  <system-err><![CDATA[]]></system-err>
</testsuite>
