<?xml version="1.0" encoding="UTF-8"?>
<testsuite name="com.pragma.powerup.orderTests.OrderRestControllerTests" tests="6" skipped="0" failures="0" errors="0" timestamp="2023-07-31T17:24:04" hostname="DESKTOP-PT9NJJ4" time="0.067">
  <properties/>
  <testcase name="cancelOrder()" classname="com.pragma.powerup.orderTests.OrderRestControllerTests" time="0.017"/>
  <testcase name="listOrders()" classname="com.pragma.powerup.orderTests.OrderRestControllerTests" time="0.011"/>
  <testcase name="updateOrderStatus()" classname="com.pragma.powerup.orderTests.OrderRestControllerTests" time="0.008"/>
  <testcase name="makeOrder()" classname="com.pragma.powerup.orderTests.OrderRestControllerTests" time="0.007"/>
  <testcase name="setDeliveredStatus()" classname="com.pragma.powerup.orderTests.OrderRestControllerTests" time="0.005"/>
  <testcase name="setReadyStatus()" classname="com.pragma.powerup.orderTests.OrderRestControllerTests" time="0.005"/>
  <system-out><![CDATA[2023-07-31 12:24:04.471  INFO 3620 --- [    Test worker] o.s.t.c.s.DefaultTestContextBootstrapper : Neither @ContextConfiguration nor @ContextHierarchy found for test class [com.pragma.powerup.orderTests.OrderRestControllerTests], using DelegatingSmartContextLoader
2023-07-31 12:24:04.472  INFO 3620 --- [    Test worker] o.s.t.c.support.AbstractContextLoader    : Could not detect default resource locations for test class [com.pragma.powerup.orderTests.OrderRestControllerTests]: no resource found for suffixes {-context.xml}.
2023-07-31 12:24:04.473  INFO 3620 --- [    Test worker] t.c.s.AnnotationConfigContextLoaderUtils : Could not detect default configuration classes for test class [com.pragma.powerup.orderTests.OrderRestControllerTests]: OrderRestControllerTests does not declare any static, non-private, non-final, nested classes annotated with @Configuration.
2023-07-31 12:24:04.474  INFO 3620 --- [    Test worker] o.s.t.c.s.DefaultTestContextBootstrapper : Loaded default TestExecutionListener class names from location [META-INF/spring.factories]: [org.springframework.boot.test.autoconfigure.restdocs.RestDocsTestExecutionListener, org.springframework.boot.test.autoconfigure.web.client.MockRestServiceServerResetTestExecutionListener, org.springframework.boot.test.autoconfigure.web.servlet.MockMvcPrintOnlyOnFailureTestExecutionListener, org.springframework.boot.test.autoconfigure.web.servlet.WebDriverTestExecutionListener, org.springframework.boot.test.autoconfigure.webservices.client.MockWebServiceServerTestExecutionListener, org.springframework.boot.test.mock.mockito.MockitoTestExecutionListener, org.springframework.boot.test.mock.mockito.ResetMocksTestExecutionListener, org.springframework.test.context.web.ServletTestExecutionListener, org.springframework.test.context.support.DirtiesContextBeforeModesTestExecutionListener, org.springframework.test.context.event.ApplicationEventsTestExecutionListener, org.springframework.test.context.support.DependencyInjectionTestExecutionListener, org.springframework.test.context.support.DirtiesContextTestExecutionListener, org.springframework.test.context.transaction.TransactionalTestExecutionListener, org.springframework.test.context.jdbc.SqlScriptsTestExecutionListener, org.springframework.test.context.event.EventPublishingTestExecutionListener]
2023-07-31 12:24:04.475  INFO 3620 --- [    Test worker] o.s.t.c.s.DefaultTestContextBootstrapper : Using TestExecutionListeners: [org.springframework.test.context.web.ServletTestExecutionListener@fee4396, org.springframework.test.context.support.DirtiesContextBeforeModesTestExecutionListener@32b44a5d, org.springframework.test.context.event.ApplicationEventsTestExecutionListener@2f13a01e, org.springframework.boot.test.mock.mockito.MockitoTestExecutionListener@6aedcca1, org.springframework.test.context.support.DependencyInjectionTestExecutionListener@17e2d099, org.springframework.test.context.support.DirtiesContextTestExecutionListener@794969a, org.springframework.test.context.transaction.TransactionalTestExecutionListener@35b5c526, org.springframework.test.context.jdbc.SqlScriptsTestExecutionListener@31b99ff5, org.springframework.test.context.event.EventPublishingTestExecutionListener@30dee743, org.springframework.boot.test.autoconfigure.restdocs.RestDocsTestExecutionListener@13dd8784, org.springframework.boot.test.autoconfigure.web.client.MockRestServiceServerResetTestExecutionListener@85aec2c, org.springframework.boot.test.autoconfigure.web.servlet.MockMvcPrintOnlyOnFailureTestExecutionListener@75e19ce5, org.springframework.boot.test.autoconfigure.web.servlet.WebDriverTestExecutionListener@32c299e5, org.springframework.boot.test.autoconfigure.webservices.client.MockWebServiceServerTestExecutionListener@4ddcd99e, org.springframework.boot.test.mock.mockito.ResetMocksTestExecutionListener@12387785]
]]></system-out>
  <system-err><![CDATA[]]></system-err>
</testsuite>
