<?xml version="1.0" encoding="UTF-8"?>
<testsuite name="com.pragma.powerup.restaurantTests.RestaurantJpaAdapterTests" tests="5" skipped="0" failures="0" errors="0" timestamp="2023-07-31T17:24:06" hostname="DESKTOP-PT9NJJ4" time="0.081">
  <properties/>
  <testcase name="getEmptyList()" classname="com.pragma.powerup.restaurantTests.RestaurantJpaAdapterTests" time="0.01"/>
  <testcase name="listRestaurants()" classname="com.pragma.powerup.restaurantTests.RestaurantJpaAdapterTests" time="0.009"/>
  <testcase name="saveRestaurant()" classname="com.pragma.powerup.restaurantTests.RestaurantJpaAdapterTests" time="0.011"/>
  <testcase name="saveExistingRestaurant()" classname="com.pragma.powerup.restaurantTests.RestaurantJpaAdapterTests" time="0.02"/>
  <testcase name="returningEmptyPage()" classname="com.pragma.powerup.restaurantTests.RestaurantJpaAdapterTests" time="0.008"/>
  <system-out><![CDATA[2023-07-31 12:24:06.268  INFO 3620 --- [    Test worker] o.s.t.c.s.DefaultTestContextBootstrapper : Neither @ContextConfiguration nor @ContextHierarchy found for test class [com.pragma.powerup.restaurantTests.RestaurantJpaAdapterTests], using DelegatingSmartContextLoader
2023-07-31 12:24:06.269  INFO 3620 --- [    Test worker] o.s.t.c.support.AbstractContextLoader    : Could not detect default resource locations for test class [com.pragma.powerup.restaurantTests.RestaurantJpaAdapterTests]: no resource found for suffixes {-context.xml}.
2023-07-31 12:24:06.269  INFO 3620 --- [    Test worker] t.c.s.AnnotationConfigContextLoaderUtils : Could not detect default configuration classes for test class [com.pragma.powerup.restaurantTests.RestaurantJpaAdapterTests]: RestaurantJpaAdapterTests does not declare any static, non-private, non-final, nested classes annotated with @Configuration.
2023-07-31 12:24:06.270  INFO 3620 --- [    Test worker] o.s.t.c.s.DefaultTestContextBootstrapper : Loaded default TestExecutionListener class names from location [META-INF/spring.factories]: [org.springframework.boot.test.autoconfigure.restdocs.RestDocsTestExecutionListener, org.springframework.boot.test.autoconfigure.web.client.MockRestServiceServerResetTestExecutionListener, org.springframework.boot.test.autoconfigure.web.servlet.MockMvcPrintOnlyOnFailureTestExecutionListener, org.springframework.boot.test.autoconfigure.web.servlet.WebDriverTestExecutionListener, org.springframework.boot.test.autoconfigure.webservices.client.MockWebServiceServerTestExecutionListener, org.springframework.boot.test.mock.mockito.MockitoTestExecutionListener, org.springframework.boot.test.mock.mockito.ResetMocksTestExecutionListener, org.springframework.test.context.web.ServletTestExecutionListener, org.springframework.test.context.support.DirtiesContextBeforeModesTestExecutionListener, org.springframework.test.context.event.ApplicationEventsTestExecutionListener, org.springframework.test.context.support.DependencyInjectionTestExecutionListener, org.springframework.test.context.support.DirtiesContextTestExecutionListener, org.springframework.test.context.transaction.TransactionalTestExecutionListener, org.springframework.test.context.jdbc.SqlScriptsTestExecutionListener, org.springframework.test.context.event.EventPublishingTestExecutionListener]
2023-07-31 12:24:06.272  INFO 3620 --- [    Test worker] o.s.t.c.s.DefaultTestContextBootstrapper : Using TestExecutionListeners: [org.springframework.test.context.web.ServletTestExecutionListener@45ed7b1, org.springframework.test.context.support.DirtiesContextBeforeModesTestExecutionListener@131ae3a7, org.springframework.test.context.event.ApplicationEventsTestExecutionListener@2380d00f, org.springframework.boot.test.mock.mockito.MockitoTestExecutionListener@3fde5b09, org.springframework.test.context.support.DependencyInjectionTestExecutionListener@4d4fe01c, org.springframework.test.context.support.DirtiesContextTestExecutionListener@90c35c9, org.springframework.test.context.transaction.TransactionalTestExecutionListener@2c299c4f, org.springframework.test.context.jdbc.SqlScriptsTestExecutionListener@61e28cd0, org.springframework.test.context.event.EventPublishingTestExecutionListener@539fdff0, org.springframework.boot.test.autoconfigure.restdocs.RestDocsTestExecutionListener@3b551a37, org.springframework.boot.test.autoconfigure.web.client.MockRestServiceServerResetTestExecutionListener@5bfe22f6, org.springframework.boot.test.autoconfigure.web.servlet.MockMvcPrintOnlyOnFailureTestExecutionListener@2e8fb155, org.springframework.boot.test.autoconfigure.web.servlet.WebDriverTestExecutionListener@3c28b2b, org.springframework.boot.test.autoconfigure.webservices.client.MockWebServiceServerTestExecutionListener@1055adc6, org.springframework.boot.test.mock.mockito.ResetMocksTestExecutionListener@3a96d4a8]
]]></system-out>
  <system-err><![CDATA[]]></system-err>
</testsuite>
