<?xml version="1.0" encoding="UTF-8"?>
<testsuite name="com.pragma.powerup.plateTests.PlateRestControllerTests" tests="5" skipped="0" failures="0" errors="0" timestamp="2023-07-31T17:24:05" hostname="DESKTOP-PT9NJJ4" time="0.063">
  <properties/>
  <testcase name="turnOffPlate()" classname="com.pragma.powerup.plateTests.PlateRestControllerTests" time="0.013"/>
  <testcase name="updatePlate()" classname="com.pragma.powerup.plateTests.PlateRestControllerTests" time="0.007"/>
  <testcase name="getAllPlates()" classname="com.pragma.powerup.plateTests.PlateRestControllerTests" time="0.014"/>
  <testcase name="savePlate()" classname="com.pragma.powerup.plateTests.PlateRestControllerTests" time="0.007"/>
  <testcase name="listPlates()" classname="com.pragma.powerup.plateTests.PlateRestControllerTests" time="0.008"/>
  <system-out><![CDATA[2023-07-31 12:24:05.867  INFO 3620 --- [    Test worker] o.s.t.c.s.DefaultTestContextBootstrapper : Neither @ContextConfiguration nor @ContextHierarchy found for test class [com.pragma.powerup.plateTests.PlateRestControllerTests], using DelegatingSmartContextLoader
2023-07-31 12:24:05.869  INFO 3620 --- [    Test worker] o.s.t.c.support.AbstractContextLoader    : Could not detect default resource locations for test class [com.pragma.powerup.plateTests.PlateRestControllerTests]: no resource found for suffixes {-context.xml}.
2023-07-31 12:24:05.870  INFO 3620 --- [    Test worker] t.c.s.AnnotationConfigContextLoaderUtils : Could not detect default configuration classes for test class [com.pragma.powerup.plateTests.PlateRestControllerTests]: PlateRestControllerTests does not declare any static, non-private, non-final, nested classes annotated with @Configuration.
2023-07-31 12:24:05.871  INFO 3620 --- [    Test worker] o.s.t.c.s.DefaultTestContextBootstrapper : Loaded default TestExecutionListener class names from location [META-INF/spring.factories]: [org.springframework.boot.test.autoconfigure.restdocs.RestDocsTestExecutionListener, org.springframework.boot.test.autoconfigure.web.client.MockRestServiceServerResetTestExecutionListener, org.springframework.boot.test.autoconfigure.web.servlet.MockMvcPrintOnlyOnFailureTestExecutionListener, org.springframework.boot.test.autoconfigure.web.servlet.WebDriverTestExecutionListener, org.springframework.boot.test.autoconfigure.webservices.client.MockWebServiceServerTestExecutionListener, org.springframework.boot.test.mock.mockito.MockitoTestExecutionListener, org.springframework.boot.test.mock.mockito.ResetMocksTestExecutionListener, org.springframework.test.context.web.ServletTestExecutionListener, org.springframework.test.context.support.DirtiesContextBeforeModesTestExecutionListener, org.springframework.test.context.event.ApplicationEventsTestExecutionListener, org.springframework.test.context.support.DependencyInjectionTestExecutionListener, org.springframework.test.context.support.DirtiesContextTestExecutionListener, org.springframework.test.context.transaction.TransactionalTestExecutionListener, org.springframework.test.context.jdbc.SqlScriptsTestExecutionListener, org.springframework.test.context.event.EventPublishingTestExecutionListener]
2023-07-31 12:24:05.872  INFO 3620 --- [    Test worker] o.s.t.c.s.DefaultTestContextBootstrapper : Using TestExecutionListeners: [org.springframework.test.context.web.ServletTestExecutionListener@5d3d4115, org.springframework.test.context.support.DirtiesContextBeforeModesTestExecutionListener@61616624, org.springframework.test.context.event.ApplicationEventsTestExecutionListener@40876da4, org.springframework.boot.test.mock.mockito.MockitoTestExecutionListener@45a4e8ef, org.springframework.test.context.support.DependencyInjectionTestExecutionListener@72a63ca7, org.springframework.test.context.support.DirtiesContextTestExecutionListener@189c2491, org.springframework.test.context.transaction.TransactionalTestExecutionListener@638d806b, org.springframework.test.context.jdbc.SqlScriptsTestExecutionListener@10cef65, org.springframework.test.context.event.EventPublishingTestExecutionListener@420cb8e7, org.springframework.boot.test.autoconfigure.restdocs.RestDocsTestExecutionListener@3b4db49b, org.springframework.boot.test.autoconfigure.web.client.MockRestServiceServerResetTestExecutionListener@344ce541, org.springframework.boot.test.autoconfigure.web.servlet.MockMvcPrintOnlyOnFailureTestExecutionListener@52dd436a, org.springframework.boot.test.autoconfigure.web.servlet.WebDriverTestExecutionListener@75b10256, org.springframework.boot.test.autoconfigure.webservices.client.MockWebServiceServerTestExecutionListener@230e9917, org.springframework.boot.test.mock.mockito.ResetMocksTestExecutionListener@70bb06da]
]]></system-out>
  <system-err><![CDATA[]]></system-err>
</testsuite>
