<?xml version="1.0" encoding="UTF-8"?>
<testsuite name="com.pragma.powerup.orderTests.PinOrderJpaAdapterTests" tests="3" skipped="0" failures="0" errors="0" timestamp="2023-07-31T17:24:04" hostname="DESKTOP-PT9NJJ4" time="0.026">
  <properties/>
  <testcase name="savePinOrder()" classname="com.pragma.powerup.orderTests.PinOrderJpaAdapterTests" time="0.007"/>
  <testcase name="getPinOrder()" classname="com.pragma.powerup.orderTests.PinOrderJpaAdapterTests" time="0.007"/>
  <testcase name="deletePinOrder()" classname="com.pragma.powerup.orderTests.PinOrderJpaAdapterTests" time="0.006"/>
  <system-out><![CDATA[2023-07-31 12:24:04.663  INFO 3620 --- [    Test worker] o.s.t.c.s.DefaultTestContextBootstrapper : Neither @ContextConfiguration nor @ContextHierarchy found for test class [com.pragma.powerup.orderTests.PinOrderJpaAdapterTests], using DelegatingSmartContextLoader
2023-07-31 12:24:04.664  INFO 3620 --- [    Test worker] o.s.t.c.support.AbstractContextLoader    : Could not detect default resource locations for test class [com.pragma.powerup.orderTests.PinOrderJpaAdapterTests]: no resource found for suffixes {-context.xml}.
2023-07-31 12:24:04.664  INFO 3620 --- [    Test worker] t.c.s.AnnotationConfigContextLoaderUtils : Could not detect default configuration classes for test class [com.pragma.powerup.orderTests.PinOrderJpaAdapterTests]: PinOrderJpaAdapterTests does not declare any static, non-private, non-final, nested classes annotated with @Configuration.
2023-07-31 12:24:04.667  INFO 3620 --- [    Test worker] o.s.t.c.s.DefaultTestContextBootstrapper : Loaded default TestExecutionListener class names from location [META-INF/spring.factories]: [org.springframework.boot.test.autoconfigure.restdocs.RestDocsTestExecutionListener, org.springframework.boot.test.autoconfigure.web.client.MockRestServiceServerResetTestExecutionListener, org.springframework.boot.test.autoconfigure.web.servlet.MockMvcPrintOnlyOnFailureTestExecutionListener, org.springframework.boot.test.autoconfigure.web.servlet.WebDriverTestExecutionListener, org.springframework.boot.test.autoconfigure.webservices.client.MockWebServiceServerTestExecutionListener, org.springframework.boot.test.mock.mockito.MockitoTestExecutionListener, org.springframework.boot.test.mock.mockito.ResetMocksTestExecutionListener, org.springframework.test.context.web.ServletTestExecutionListener, org.springframework.test.context.support.DirtiesContextBeforeModesTestExecutionListener, org.springframework.test.context.event.ApplicationEventsTestExecutionListener, org.springframework.test.context.support.DependencyInjectionTestExecutionListener, org.springframework.test.context.support.DirtiesContextTestExecutionListener, org.springframework.test.context.transaction.TransactionalTestExecutionListener, org.springframework.test.context.jdbc.SqlScriptsTestExecutionListener, org.springframework.test.context.event.EventPublishingTestExecutionListener]
2023-07-31 12:24:04.668  INFO 3620 --- [    Test worker] o.s.t.c.s.DefaultTestContextBootstrapper : Using TestExecutionListeners: [org.springframework.test.context.web.ServletTestExecutionListener@df90a0a, org.springframework.test.context.support.DirtiesContextBeforeModesTestExecutionListener@2fb6a9cc, org.springframework.test.context.event.ApplicationEventsTestExecutionListener@6c199c1d, org.springframework.boot.test.mock.mockito.MockitoTestExecutionListener@56fa1217, org.springframework.test.context.support.DependencyInjectionTestExecutionListener@1316fb98, org.springframework.test.context.support.DirtiesContextTestExecutionListener@974d8ff, org.springframework.test.context.transaction.TransactionalTestExecutionListener@29ad54b8, org.springframework.test.context.jdbc.SqlScriptsTestExecutionListener@2fc19130, org.springframework.test.context.event.EventPublishingTestExecutionListener@b2f656b, org.springframework.boot.test.autoconfigure.restdocs.RestDocsTestExecutionListener@2433f7d1, org.springframework.boot.test.autoconfigure.web.client.MockRestServiceServerResetTestExecutionListener@67787f7b, org.springframework.boot.test.autoconfigure.web.servlet.MockMvcPrintOnlyOnFailureTestExecutionListener@44133ab5, org.springframework.boot.test.autoconfigure.web.servlet.WebDriverTestExecutionListener@34671b61, org.springframework.boot.test.autoconfigure.webservices.client.MockWebServiceServerTestExecutionListener@fd1ff43, org.springframework.boot.test.mock.mockito.ResetMocksTestExecutionListener@2b76ca65]
]]></system-out>
  <system-err><![CDATA[]]></system-err>
</testsuite>
