<?xml version="1.0" encoding="UTF-8"?>
<testsuite name="com.pragma.powerup.orderTests.PinOrderUseCaseTests" tests="3" skipped="0" failures="0" errors="0" timestamp="2023-07-31T17:24:04" hostname="DESKTOP-PT9NJJ4" time="0.025">
  <properties/>
  <testcase name="savePinOrder()" classname="com.pragma.powerup.orderTests.PinOrderUseCaseTests" time="0.007"/>
  <testcase name="getPinOrder()" classname="com.pragma.powerup.orderTests.PinOrderUseCaseTests" time="0.007"/>
  <testcase name="deletePinOrder()" classname="com.pragma.powerup.orderTests.PinOrderUseCaseTests" time="0.006"/>
  <system-out><![CDATA[2023-07-31 12:24:04.868  INFO 3620 --- [    Test worker] o.s.t.c.s.DefaultTestContextBootstrapper : Neither @ContextConfiguration nor @ContextHierarchy found for test class [com.pragma.powerup.orderTests.PinOrderUseCaseTests], using DelegatingSmartContextLoader
2023-07-31 12:24:04.869  INFO 3620 --- [    Test worker] o.s.t.c.support.AbstractContextLoader    : Could not detect default resource locations for test class [com.pragma.powerup.orderTests.PinOrderUseCaseTests]: no resource found for suffixes {-context.xml}.
2023-07-31 12:24:04.870  INFO 3620 --- [    Test worker] t.c.s.AnnotationConfigContextLoaderUtils : Could not detect default configuration classes for test class [com.pragma.powerup.orderTests.PinOrderUseCaseTests]: PinOrderUseCaseTests does not declare any static, non-private, non-final, nested classes annotated with @Configuration.
2023-07-31 12:24:04.871  INFO 3620 --- [    Test worker] o.s.t.c.s.DefaultTestContextBootstrapper : Loaded default TestExecutionListener class names from location [META-INF/spring.factories]: [org.springframework.boot.test.autoconfigure.restdocs.RestDocsTestExecutionListener, org.springframework.boot.test.autoconfigure.web.client.MockRestServiceServerResetTestExecutionListener, org.springframework.boot.test.autoconfigure.web.servlet.MockMvcPrintOnlyOnFailureTestExecutionListener, org.springframework.boot.test.autoconfigure.web.servlet.WebDriverTestExecutionListener, org.springframework.boot.test.autoconfigure.webservices.client.MockWebServiceServerTestExecutionListener, org.springframework.boot.test.mock.mockito.MockitoTestExecutionListener, org.springframework.boot.test.mock.mockito.ResetMocksTestExecutionListener, org.springframework.test.context.web.ServletTestExecutionListener, org.springframework.test.context.support.DirtiesContextBeforeModesTestExecutionListener, org.springframework.test.context.event.ApplicationEventsTestExecutionListener, org.springframework.test.context.support.DependencyInjectionTestExecutionListener, org.springframework.test.context.support.DirtiesContextTestExecutionListener, org.springframework.test.context.transaction.TransactionalTestExecutionListener, org.springframework.test.context.jdbc.SqlScriptsTestExecutionListener, org.springframework.test.context.event.EventPublishingTestExecutionListener]
2023-07-31 12:24:04.872  INFO 3620 --- [    Test worker] o.s.t.c.s.DefaultTestContextBootstrapper : Using TestExecutionListeners: [org.springframework.test.context.web.ServletTestExecutionListener@2978927e, org.springframework.test.context.support.DirtiesContextBeforeModesTestExecutionListener@1ba6aeea, org.springframework.test.context.event.ApplicationEventsTestExecutionListener@555edfd1, org.springframework.boot.test.mock.mockito.MockitoTestExecutionListener@2df24e66, org.springframework.test.context.support.DependencyInjectionTestExecutionListener@40f4c2c4, org.springframework.test.context.support.DirtiesContextTestExecutionListener@6e0bf5ce, org.springframework.test.context.transaction.TransactionalTestExecutionListener@4d081f89, org.springframework.test.context.jdbc.SqlScriptsTestExecutionListener@7236e930, org.springframework.test.context.event.EventPublishingTestExecutionListener@14b2f750, org.springframework.boot.test.autoconfigure.restdocs.RestDocsTestExecutionListener@25a6c58d, org.springframework.boot.test.autoconfigure.web.client.MockRestServiceServerResetTestExecutionListener@285f62e7, org.springframework.boot.test.autoconfigure.web.servlet.MockMvcPrintOnlyOnFailureTestExecutionListener@6d6571b5, org.springframework.boot.test.autoconfigure.web.servlet.WebDriverTestExecutionListener@6e6e033e, org.springframework.boot.test.autoconfigure.webservices.client.MockWebServiceServerTestExecutionListener@7df729d3, org.springframework.boot.test.mock.mockito.ResetMocksTestExecutionListener@2e6c34d0]
]]></system-out>
  <system-err><![CDATA[]]></system-err>
</testsuite>
