<?xml version="1.0" encoding="UTF-8"?>
<testsuite name="com.pragma.powerup.plateTests.PlateJpaRepositoryTest" tests="3" skipped="0" failures="0" errors="0" timestamp="2023-07-31T17:24:05" hostname="DESKTOP-PT9NJJ4" time="0.261">
  <properties/>
  <testcase name="updatePlate()" classname="com.pragma.powerup.plateTests.PlateJpaRepositoryTest" time="0.135"/>
  <testcase name="savePlate()" classname="com.pragma.powerup.plateTests.PlateJpaRepositoryTest" time="0.071"/>
  <testcase name="listPlates()" classname="com.pragma.powerup.plateTests.PlateJpaRepositoryTest" time="0.051"/>
  <system-out><![CDATA[2023-07-31 12:24:05.572  INFO 3620 --- [    Test worker] .b.t.c.SpringBootTestContextBootstrapper : Neither @ContextConfiguration nor @ContextHierarchy found for test class [com.pragma.powerup.plateTests.PlateJpaRepositoryTest], using SpringBootContextLoader
2023-07-31 12:24:05.574  INFO 3620 --- [    Test worker] o.s.t.c.support.AbstractContextLoader    : Could not detect default resource locations for test class [com.pragma.powerup.plateTests.PlateJpaRepositoryTest]: no resource found for suffixes {-context.xml, Context.groovy}.
2023-07-31 12:24:05.574  INFO 3620 --- [    Test worker] t.c.s.AnnotationConfigContextLoaderUtils : Could not detect default configuration classes for test class [com.pragma.powerup.plateTests.PlateJpaRepositoryTest]: PlateJpaRepositoryTest does not declare any static, non-private, non-final, nested classes annotated with @Configuration.
2023-07-31 12:24:05.589  INFO 3620 --- [    Test worker] .b.t.c.SpringBootTestContextBootstrapper : Found @SpringBootConfiguration com.pragma.powerup.PlazoletaApplication for test class com.pragma.powerup.plateTests.PlateJpaRepositoryTest
2023-07-31 12:24:05.591  INFO 3620 --- [    Test worker] .b.t.c.SpringBootTestContextBootstrapper : Loaded default TestExecutionListener class names from location [META-INF/spring.factories]: [org.springframework.boot.test.autoconfigure.restdocs.RestDocsTestExecutionListener, org.springframework.boot.test.autoconfigure.web.client.MockRestServiceServerResetTestExecutionListener, org.springframework.boot.test.autoconfigure.web.servlet.MockMvcPrintOnlyOnFailureTestExecutionListener, org.springframework.boot.test.autoconfigure.web.servlet.WebDriverTestExecutionListener, org.springframework.boot.test.autoconfigure.webservices.client.MockWebServiceServerTestExecutionListener, org.springframework.boot.test.mock.mockito.MockitoTestExecutionListener, org.springframework.boot.test.mock.mockito.ResetMocksTestExecutionListener, org.springframework.test.context.web.ServletTestExecutionListener, org.springframework.test.context.support.DirtiesContextBeforeModesTestExecutionListener, org.springframework.test.context.event.ApplicationEventsTestExecutionListener, org.springframework.test.context.support.DependencyInjectionTestExecutionListener, org.springframework.test.context.support.DirtiesContextTestExecutionListener, org.springframework.test.context.transaction.TransactionalTestExecutionListener, org.springframework.test.context.jdbc.SqlScriptsTestExecutionListener, org.springframework.test.context.event.EventPublishingTestExecutionListener]
2023-07-31 12:24:05.592  INFO 3620 --- [    Test worker] .b.t.c.SpringBootTestContextBootstrapper : Using TestExecutionListeners: [org.springframework.test.context.web.ServletTestExecutionListener@72d63dd, org.springframework.test.context.support.DirtiesContextBeforeModesTestExecutionListener@1ee7a547, org.springframework.test.context.event.ApplicationEventsTestExecutionListener@6e92471b, org.springframework.boot.test.mock.mockito.MockitoTestExecutionListener@499561ed, org.springframework.boot.test.autoconfigure.SpringBootDependencyInjectionTestExecutionListener@254ac089, org.springframework.test.context.support.DirtiesContextTestExecutionListener@6a494fa, org.springframework.test.context.transaction.TransactionalTestExecutionListener@7a72a1aa, org.springframework.test.context.jdbc.SqlScriptsTestExecutionListener@188a3d00, org.springframework.test.context.event.EventPublishingTestExecutionListener@6bb7f810, org.springframework.boot.test.autoconfigure.restdocs.RestDocsTestExecutionListener@4996b2d8, org.springframework.boot.test.autoconfigure.web.client.MockRestServiceServerResetTestExecutionListener@260635b1, org.springframework.boot.test.autoconfigure.web.servlet.MockMvcPrintOnlyOnFailureTestExecutionListener@6f2d7e4c, org.springframework.boot.test.autoconfigure.web.servlet.WebDriverTestExecutionListener@3b8e6cc1, org.springframework.boot.test.autoconfigure.webservices.client.MockWebServiceServerTestExecutionListener@4772191a, org.springframework.boot.test.mock.mockito.ResetMocksTestExecutionListener@504e17f8]
Hibernate: select plateentit0_.id as id1_4_0_, plateentit0_.active as active2_4_0_, plateentit0_.description as descript3_4_0_, plateentit0_.id_category as id_categ4_4_0_, plateentit0_.id_restaurant as id_resta5_4_0_, plateentit0_.name as name6_4_0_, plateentit0_.price as price7_4_0_, plateentit0_.url_image as url_imag8_4_0_ from plates plateentit0_ where plateentit0_.id=?
Hibernate: insert into plates (active, description, id_category, id_restaurant, name, price, url_image) values (?, ?, ?, ?, ?, ?, ?)
Hibernate: select plateentit0_.id as id1_4_0_, plateentit0_.active as active2_4_0_, plateentit0_.description as descript3_4_0_, plateentit0_.id_category as id_categ4_4_0_, plateentit0_.id_restaurant as id_resta5_4_0_, plateentit0_.name as name6_4_0_, plateentit0_.price as price7_4_0_, plateentit0_.url_image as url_imag8_4_0_ from plates plateentit0_ where plateentit0_.id=?
Hibernate: select plateentit0_.id as id1_4_, plateentit0_.active as active2_4_, plateentit0_.description as descript3_4_, plateentit0_.id_category as id_categ4_4_, plateentit0_.id_restaurant as id_resta5_4_, plateentit0_.name as name6_4_, plateentit0_.price as price7_4_, plateentit0_.url_image as url_imag8_4_ from plates plateentit0_ where plateentit0_.id_restaurant=? and plateentit0_.id_category=? limit ?
Hibernate: select count(plateentit0_.id) as col_0_0_ from plates plateentit0_ where plateentit0_.id_restaurant=? and plateentit0_.id_category=?
]]></system-out>
  <system-err><![CDATA[]]></system-err>
</testsuite>
