<?xml version="1.0" encoding="UTF-8"?>
<testsuite name="com.pragma.powerup.orderTests.OrderUseCaseTests" tests="4" skipped="0" failures="0" errors="0" timestamp="2023-07-31T17:24:04" hostname="DESKTOP-PT9NJJ4" time="0.047">
  <properties/>
  <testcase name="updateStatus()" classname="com.pragma.powerup.orderTests.OrderUseCaseTests" time="0.014"/>
  <testcase name="saveOrder()" classname="com.pragma.powerup.orderTests.OrderUseCaseTests" time="0.008"/>
  <testcase name="listOrders()" classname="com.pragma.powerup.orderTests.OrderUseCaseTests" time="0.008"/>
  <testcase name="getOrder()" classname="com.pragma.powerup.orderTests.OrderUseCaseTests" time="0.008"/>
  <system-out><![CDATA[2023-07-31 12:24:04.578  INFO 3620 --- [    Test worker] o.s.t.c.s.DefaultTestContextBootstrapper : Neither @ContextConfiguration nor @ContextHierarchy found for test class [com.pragma.powerup.orderTests.OrderUseCaseTests], using DelegatingSmartContextLoader
2023-07-31 12:24:04.579  INFO 3620 --- [    Test worker] o.s.t.c.support.AbstractContextLoader    : Could not detect default resource locations for test class [com.pragma.powerup.orderTests.OrderUseCaseTests]: no resource found for suffixes {-context.xml}.
2023-07-31 12:24:04.580  INFO 3620 --- [    Test worker] t.c.s.AnnotationConfigContextLoaderUtils : Could not detect default configuration classes for test class [com.pragma.powerup.orderTests.OrderUseCaseTests]: OrderUseCaseTests does not declare any static, non-private, non-final, nested classes annotated with @Configuration.
2023-07-31 12:24:04.581  INFO 3620 --- [    Test worker] o.s.t.c.s.DefaultTestContextBootstrapper : Loaded default TestExecutionListener class names from location [META-INF/spring.factories]: [org.springframework.boot.test.autoconfigure.restdocs.RestDocsTestExecutionListener, org.springframework.boot.test.autoconfigure.web.client.MockRestServiceServerResetTestExecutionListener, org.springframework.boot.test.autoconfigure.web.servlet.MockMvcPrintOnlyOnFailureTestExecutionListener, org.springframework.boot.test.autoconfigure.web.servlet.WebDriverTestExecutionListener, org.springframework.boot.test.autoconfigure.webservices.client.MockWebServiceServerTestExecutionListener, org.springframework.boot.test.mock.mockito.MockitoTestExecutionListener, org.springframework.boot.test.mock.mockito.ResetMocksTestExecutionListener, org.springframework.test.context.web.ServletTestExecutionListener, org.springframework.test.context.support.DirtiesContextBeforeModesTestExecutionListener, org.springframework.test.context.event.ApplicationEventsTestExecutionListener, org.springframework.test.context.support.DependencyInjectionTestExecutionListener, org.springframework.test.context.support.DirtiesContextTestExecutionListener, org.springframework.test.context.transaction.TransactionalTestExecutionListener, org.springframework.test.context.jdbc.SqlScriptsTestExecutionListener, org.springframework.test.context.event.EventPublishingTestExecutionListener]
2023-07-31 12:24:04.582  INFO 3620 --- [    Test worker] o.s.t.c.s.DefaultTestContextBootstrapper : Using TestExecutionListeners: [org.springframework.test.context.web.ServletTestExecutionListener@208ba9c7, org.springframework.test.context.support.DirtiesContextBeforeModesTestExecutionListener@48a7e9da, org.springframework.test.context.event.ApplicationEventsTestExecutionListener@13a29b9d, org.springframework.boot.test.mock.mockito.MockitoTestExecutionListener@156c0b41, org.springframework.test.context.support.DependencyInjectionTestExecutionListener@68544dba, org.springframework.test.context.support.DirtiesContextTestExecutionListener@1f4a9053, org.springframework.test.context.transaction.TransactionalTestExecutionListener@18338e54, org.springframework.test.context.jdbc.SqlScriptsTestExecutionListener@6df0a810, org.springframework.test.context.event.EventPublishingTestExecutionListener@27030189, org.springframework.boot.test.autoconfigure.restdocs.RestDocsTestExecutionListener@6c00d532, org.springframework.boot.test.autoconfigure.web.client.MockRestServiceServerResetTestExecutionListener@6845b7c8, org.springframework.boot.test.autoconfigure.web.servlet.MockMvcPrintOnlyOnFailureTestExecutionListener@1d22f8, org.springframework.boot.test.autoconfigure.web.servlet.WebDriverTestExecutionListener@3fad743b, org.springframework.boot.test.autoconfigure.webservices.client.MockWebServiceServerTestExecutionListener@556e9fb9, org.springframework.boot.test.mock.mockito.ResetMocksTestExecutionListener@10d0992b]
]]></system-out>
  <system-err><![CDATA[]]></system-err>
</testsuite>
