<?xml version="1.0" encoding="UTF-8"?>
<testsuite name="com.pragma.powerup.restaurantTests.JpaRepositoryTests" tests="1" skipped="0" failures="0" errors="0" timestamp="2023-07-31T17:24:06" hostname="DESKTOP-PT9NJJ4" time="0.041">
  <properties/>
  <testcase name="saveRestaurant()" classname="com.pragma.powerup.restaurantTests.JpaRepositoryTests" time="0.041"/>
  <system-out><![CDATA[2023-07-31 12:24:06.046  INFO 3620 --- [    Test worker] .b.t.c.SpringBootTestContextBootstrapper : Neither @ContextConfiguration nor @ContextHierarchy found for test class [com.pragma.powerup.restaurantTests.JpaRepositoryTests], using SpringBootContextLoader
2023-07-31 12:24:06.048  INFO 3620 --- [    Test worker] o.s.t.c.support.AbstractContextLoader    : Could not detect default resource locations for test class [com.pragma.powerup.restaurantTests.JpaRepositoryTests]: no resource found for suffixes {-context.xml, Context.groovy}.
2023-07-31 12:24:06.048  INFO 3620 --- [    Test worker] t.c.s.AnnotationConfigContextLoaderUtils : Could not detect default configuration classes for test class [com.pragma.powerup.restaurantTests.JpaRepositoryTests]: JpaRepositoryTests does not declare any static, non-private, non-final, nested classes annotated with @Configuration.
2023-07-31 12:24:06.060  INFO 3620 --- [    Test worker] .b.t.c.SpringBootTestContextBootstrapper : Found @SpringBootConfiguration com.pragma.powerup.PlazoletaApplication for test class com.pragma.powerup.restaurantTests.JpaRepositoryTests
2023-07-31 12:24:06.062  INFO 3620 --- [    Test worker] .b.t.c.SpringBootTestContextBootstrapper : Loaded default TestExecutionListener class names from location [META-INF/spring.factories]: [org.springframework.boot.test.autoconfigure.restdocs.RestDocsTestExecutionListener, org.springframework.boot.test.autoconfigure.web.client.MockRestServiceServerResetTestExecutionListener, org.springframework.boot.test.autoconfigure.web.servlet.MockMvcPrintOnlyOnFailureTestExecutionListener, org.springframework.boot.test.autoconfigure.web.servlet.WebDriverTestExecutionListener, org.springframework.boot.test.autoconfigure.webservices.client.MockWebServiceServerTestExecutionListener, org.springframework.boot.test.mock.mockito.MockitoTestExecutionListener, org.springframework.boot.test.mock.mockito.ResetMocksTestExecutionListener, org.springframework.test.context.web.ServletTestExecutionListener, org.springframework.test.context.support.DirtiesContextBeforeModesTestExecutionListener, org.springframework.test.context.event.ApplicationEventsTestExecutionListener, org.springframework.test.context.support.DependencyInjectionTestExecutionListener, org.springframework.test.context.support.DirtiesContextTestExecutionListener, org.springframework.test.context.transaction.TransactionalTestExecutionListener, org.springframework.test.context.jdbc.SqlScriptsTestExecutionListener, org.springframework.test.context.event.EventPublishingTestExecutionListener]
2023-07-31 12:24:06.063  INFO 3620 --- [    Test worker] .b.t.c.SpringBootTestContextBootstrapper : Using TestExecutionListeners: [org.springframework.test.context.web.ServletTestExecutionListener@1d97ca01, org.springframework.test.context.support.DirtiesContextBeforeModesTestExecutionListener@54881d3, org.springframework.test.context.event.ApplicationEventsTestExecutionListener@2864a84, org.springframework.boot.test.mock.mockito.MockitoTestExecutionListener@17905815, org.springframework.boot.test.autoconfigure.SpringBootDependencyInjectionTestExecutionListener@34745f24, org.springframework.test.context.support.DirtiesContextTestExecutionListener@75730660, org.springframework.test.context.transaction.TransactionalTestExecutionListener@4591b020, org.springframework.test.context.jdbc.SqlScriptsTestExecutionListener@50541877, org.springframework.test.context.event.EventPublishingTestExecutionListener@464ff026, org.springframework.boot.test.autoconfigure.restdocs.RestDocsTestExecutionListener@2be2be89, org.springframework.boot.test.autoconfigure.web.client.MockRestServiceServerResetTestExecutionListener@633a0b65, org.springframework.boot.test.autoconfigure.web.servlet.MockMvcPrintOnlyOnFailureTestExecutionListener@13dd30d5, org.springframework.boot.test.autoconfigure.web.servlet.WebDriverTestExecutionListener@2a2a3c48, org.springframework.boot.test.autoconfigure.webservices.client.MockWebServiceServerTestExecutionListener@1482d972, org.springframework.boot.test.mock.mockito.ResetMocksTestExecutionListener@275089a4]
Hibernate: insert into restaurants (address, id_owner, name, nit, phone_number, url_logo) values (?, ?, ?, ?, ?, ?)
Hibernate: select restaurant0_.id as id1_5_0_, restaurant0_.address as address2_5_0_, restaurant0_.id_owner as id_owner3_5_0_, restaurant0_.name as name4_5_0_, restaurant0_.nit as nit5_5_0_, restaurant0_.phone_number as phone_nu6_5_0_, restaurant0_.url_logo as url_logo7_5_0_ from restaurants restaurant0_ where restaurant0_.id=?
]]></system-out>
  <system-err><![CDATA[]]></system-err>
</testsuite>
