<?xml version="1.0" encoding="UTF-8"?>
<testsuite name="com.pragma.powerup.plateTests.CategoryJpaAdapterTests" tests="5" skipped="0" failures="0" errors="0" timestamp="2023-07-31T17:24:05" hostname="DESKTOP-PT9NJJ4" time="0.046">
  <properties/>
  <testcase name="getAllCategory()" classname="com.pragma.powerup.plateTests.CategoryJpaAdapterTests" time="0.008"/>
  <testcase name="saveCategory()" classname="com.pragma.powerup.plateTests.CategoryJpaAdapterTests" time="0.007"/>
  <testcase name="getAllWithEmptyResultList()" classname="com.pragma.powerup.plateTests.CategoryJpaAdapterTests" time="0.007"/>
  <testcase name="getNoExistingCategory()" classname="com.pragma.powerup.plateTests.CategoryJpaAdapterTests" time="0.005"/>
  <testcase name="getCategory()" classname="com.pragma.powerup.plateTests.CategoryJpaAdapterTests" time="0.008"/>
  <system-out><![CDATA[2023-07-31 12:24:04.928  INFO 3620 --- [    Test worker] o.s.t.c.s.DefaultTestContextBootstrapper : Neither @ContextConfiguration nor @ContextHierarchy found for test class [com.pragma.powerup.plateTests.CategoryJpaAdapterTests], using DelegatingSmartContextLoader
2023-07-31 12:24:04.929  INFO 3620 --- [    Test worker] o.s.t.c.support.AbstractContextLoader    : Could not detect default resource locations for test class [com.pragma.powerup.plateTests.CategoryJpaAdapterTests]: no resource found for suffixes {-context.xml}.
2023-07-31 12:24:04.930  INFO 3620 --- [    Test worker] t.c.s.AnnotationConfigContextLoaderUtils : Could not detect default configuration classes for test class [com.pragma.powerup.plateTests.CategoryJpaAdapterTests]: CategoryJpaAdapterTests does not declare any static, non-private, non-final, nested classes annotated with @Configuration.
2023-07-31 12:24:04.931  INFO 3620 --- [    Test worker] o.s.t.c.s.DefaultTestContextBootstrapper : Loaded default TestExecutionListener class names from location [META-INF/spring.factories]: [org.springframework.boot.test.autoconfigure.restdocs.RestDocsTestExecutionListener, org.springframework.boot.test.autoconfigure.web.client.MockRestServiceServerResetTestExecutionListener, org.springframework.boot.test.autoconfigure.web.servlet.MockMvcPrintOnlyOnFailureTestExecutionListener, org.springframework.boot.test.autoconfigure.web.servlet.WebDriverTestExecutionListener, org.springframework.boot.test.autoconfigure.webservices.client.MockWebServiceServerTestExecutionListener, org.springframework.boot.test.mock.mockito.MockitoTestExecutionListener, org.springframework.boot.test.mock.mockito.ResetMocksTestExecutionListener, org.springframework.test.context.web.ServletTestExecutionListener, org.springframework.test.context.support.DirtiesContextBeforeModesTestExecutionListener, org.springframework.test.context.event.ApplicationEventsTestExecutionListener, org.springframework.test.context.support.DependencyInjectionTestExecutionListener, org.springframework.test.context.support.DirtiesContextTestExecutionListener, org.springframework.test.context.transaction.TransactionalTestExecutionListener, org.springframework.test.context.jdbc.SqlScriptsTestExecutionListener, org.springframework.test.context.event.EventPublishingTestExecutionListener]
2023-07-31 12:24:04.932  INFO 3620 --- [    Test worker] o.s.t.c.s.DefaultTestContextBootstrapper : Using TestExecutionListeners: [org.springframework.test.context.web.ServletTestExecutionListener@b6fbdc1, org.springframework.test.context.support.DirtiesContextBeforeModesTestExecutionListener@50de40b7, org.springframework.test.context.event.ApplicationEventsTestExecutionListener@4a710cfb, org.springframework.boot.test.mock.mockito.MockitoTestExecutionListener@4f39cee4, org.springframework.test.context.support.DependencyInjectionTestExecutionListener@39cef377, org.springframework.test.context.support.DirtiesContextTestExecutionListener@1b37d701, org.springframework.test.context.transaction.TransactionalTestExecutionListener@59e31648, org.springframework.test.context.jdbc.SqlScriptsTestExecutionListener@582cad7e, org.springframework.test.context.event.EventPublishingTestExecutionListener@1637b847, org.springframework.boot.test.autoconfigure.restdocs.RestDocsTestExecutionListener@331dea5f, org.springframework.boot.test.autoconfigure.web.client.MockRestServiceServerResetTestExecutionListener@728dfb22, org.springframework.boot.test.autoconfigure.web.servlet.MockMvcPrintOnlyOnFailureTestExecutionListener@4ff7ef50, org.springframework.boot.test.autoconfigure.web.servlet.WebDriverTestExecutionListener@64a99369, org.springframework.boot.test.autoconfigure.webservices.client.MockWebServiceServerTestExecutionListener@38bad2b1, org.springframework.boot.test.mock.mockito.ResetMocksTestExecutionListener@25f37a6f]
]]></system-out>
  <system-err><![CDATA[]]></system-err>
</testsuite>
